<?xml version="1.0" encoding="UTF-8"?>
<!-- Generated by org.testng.reporters.JUnitXMLReporter -->
<testsuite ignored="0" hostname="DESKTOP-RKAQ77B" failures="0" tests="4" name="Default test" time="42.18" errors="0" timestamp="2023-08-09T10:09:18 IST">
  <testcase classname="com.LoginPageFront" name="TestLogin" time="13.155"/>
  <testcase classname="com.LoginPageFront" name="TestLogin" time="7.85"/>
  <testcase classname="com.LoginPageFront" name="TestLogin" time="8.588"/>
  <testcase classname="com.LoginPageFront" name="TestLogin" time="10.504"/>
</testsuite> <!-- Default test -->
